{"name": "test_go_to_order_feed", "status": "broken", "statusDetails": {"message": "selenium.common.exceptions.NoSuchElementException: Message: no such element: Unable to locate element: {\"method\":\"xpath\",\"selector\":\"//a[contains(text(),\"История заказов\")]\"}\n  (Session info: chrome=127.0.6533.120); For documentation on this error, please visit: https://www.selenium.dev/documentation/webdriver/troubleshooting/errors#no-such-element-exception\nStacktrace:\n\tGetHandleVerifier [0x00007FF69CE09642+30946]\n\t(No symbol) [0x00007FF69CDBE3D9]\n\t(No symbol) [0x00007FF69CCB6FDA]\n\t(No symbol) [0x00007FF69CD0822C]\n\t(No symbol) [0x00007FF69CD0850C]\n\t(No symbol) [0x00007FF69CD4DCB7]\n\t(No symbol) [0x00007FF69CD2CAAF]\n\t(No symbol) [0x00007FF69CD4B041]\n\t(No symbol) [0x00007FF69CD2C813]\n\t(No symbol) [0x00007FF69CCFA6E5]\n\t(No symbol) [0x00007FF69CCFB021]\n\tGetHandleVerifier [0x00007FF69CF3F84D+1301229]\n\tGetHandleVerifier [0x00007FF69CF4BDC7+1351783]\n\tGetHandleVerifier [0x00007FF69CF42A13+1313971]\n\tGetHandleVerifier [0x00007FF69CE3DD16+245686]\n\t(No symbol) [0x00007FF69CDC759F]\n\t(No symbol) [0x00007FF69CDC3814]\n\t(No symbol) [0x00007FF69CDC39A2]\n\t(No symbol) [0x00007FF69CDBA3FF]\n\tBaseThreadInitThunk [0x00007FFACD0F257D+29]\n\tRtlUserThreadStart [0x00007FFACE12AF28+40]", "trace": "self = <tests.test_profile.TestProfile object at 0x000001CEC9171FA0>\ndriver = <selenium.webdriver.chrome.webdriver.WebDriver (session=\"5b7fccecb9827d78206cff29fc2d14a6\")>\n\n    @allure.description(\"Переход в раздел «История заказов»\")\n    def test_go_to_order_feed(self, driver):\n        main_page = MainPage(driver)\n        login_page = LoginPage(driver)\n        profile_page = ProfilePage(driver)\n    \n        main_page.open_base_url()\n        main_page.click_on_profile_button()\n        login_page.set_login_data()\n        login_page.login()\n        main_page.click_on_profile_button()\n>       profile_page.go_to_order_feed_section()\n\ntests\\test_profile.py:31: \n_ _ _ _ _ _ _ _ _ _ _ _ _ _ _ _ _ _ _ _ _ _ _ _ _ _ _ _ _ _ _ _ _ _ _ _ _ _ _ _ _ _ _ _ _ _ _ _ _ _ _ _ _ _ _ _ _ _ _ _ _ _ _ _ _ _ _ _ _ _ _ _ _ _ _ _\npage_objects\\profile_page.py:9: in go_to_order_feed_section\n    self.driver.find_element(*ProfilePageLocators.ORDER_FEED_SECTION).click()\nC:\\Users\\Yulia1\\PycharmProjects\\5\\.venv\\Lib\\site-packages\\selenium\\webdriver\\remote\\webdriver.py:748: in find_element\n    return self.execute(Command.FIND_ELEMENT, {\"using\": by, \"value\": value})[\"value\"]\nC:\\Users\\Yulia1\\PycharmProjects\\5\\.venv\\Lib\\site-packages\\selenium\\webdriver\\remote\\webdriver.py:354: in execute\n    self.error_handler.check_response(response)\n_ _ _ _ _ _ _ _ _ _ _ _ _ _ _ _ _ _ _ _ _ _ _ _ _ _ _ _ _ _ _ _ _ _ _ _ _ _ _ _ _ _ _ _ _ _ _ _ _ _ _ _ _ _ _ _ _ _ _ _ _ _ _ _ _ _ _ _ _ _ _ _ _ _ _ _\n\nself = <selenium.webdriver.remote.errorhandler.ErrorHandler object at 0x000001CEC91600E0>\nresponse = {'status': 404, 'value': '{\"value\":{\"error\":\"no such element\",\"message\":\"no such element: Unable to locate element: {\\...07FF69CDBA3FF]\\\\n\\\\tBaseThreadInitThunk [0x00007FFACD0F257D+29]\\\\n\\\\tRtlUserThreadStart [0x00007FFACE12AF28+40]\\\\n\"}}'}\n\n    def check_response(self, response: Dict[str, Any]) -> None:\n        \"\"\"Checks that a JSON response from the WebDriver does not have an\n        error.\n    \n        :Args:\n         - response - The JSON response from the WebDriver server as a dictionary\n           object.\n    \n        :Raises: If the response contains an error message.\n        \"\"\"\n        status = response.get(\"status\", None)\n        if not status or status == ErrorCode.SUCCESS:\n            return\n        value = None\n        message = response.get(\"message\", \"\")\n        screen: str = response.get(\"screen\", \"\")\n        stacktrace = None\n        if isinstance(status, int):\n            value_json = response.get(\"value\", None)\n            if value_json and isinstance(value_json, str):\n                import json\n    \n                try:\n                    value = json.loads(value_json)\n                    if len(value) == 1:\n                        value = value[\"value\"]\n                    status = value.get(\"error\", None)\n                    if not status:\n                        status = value.get(\"status\", ErrorCode.UNKNOWN_ERROR)\n                        message = value.get(\"value\") or value.get(\"message\")\n                        if not isinstance(message, str):\n                            value = message\n                            message = message.get(\"message\")\n                    else:\n                        message = value.get(\"message\", None)\n                except ValueError:\n                    pass\n    \n        exception_class: Type[WebDriverException]\n        e = ErrorCode()\n        error_codes = [item for item in dir(e) if not item.startswith(\"__\")]\n        for error_code in error_codes:\n            error_info = getattr(ErrorCode, error_code)\n            if isinstance(error_info, list) and status in error_info:\n                exception_class = getattr(ExceptionMapping, error_code, WebDriverException)\n                break\n        else:\n            exception_class = WebDriverException\n    \n        if not value:\n            value = response[\"value\"]\n        if isinstance(value, str):\n            raise exception_class(value)\n        if message == \"\" and \"message\" in value:\n            message = value[\"message\"]\n    \n        screen = None  # type: ignore[assignment]\n        if \"screen\" in value:\n            screen = value[\"screen\"]\n    \n        stacktrace = None\n        st_value = value.get(\"stackTrace\") or value.get(\"stacktrace\")\n        if st_value:\n            if isinstance(st_value, str):\n                stacktrace = st_value.split(\"\\n\")\n            else:\n                stacktrace = []\n                try:\n                    for frame in st_value:\n                        line = frame.get(\"lineNumber\", \"\")\n                        file = frame.get(\"fileName\", \"<anonymous>\")\n                        if line:\n                            file = f\"{file}:{line}\"\n                        meth = frame.get(\"methodName\", \"<anonymous>\")\n                        if \"className\" in frame:\n                            meth = f\"{frame['className']}.{meth}\"\n                        msg = \"    at %s (%s)\"\n                        msg = msg % (meth, file)\n                        stacktrace.append(msg)\n                except TypeError:\n                    pass\n        if exception_class == UnexpectedAlertPresentException:\n            alert_text = None\n            if \"data\" in value:\n                alert_text = value[\"data\"].get(\"text\")\n            elif \"alert\" in value:\n                alert_text = value[\"alert\"].get(\"text\")\n            raise exception_class(message, screen, stacktrace, alert_text)  # type: ignore[call-arg]  # mypy is not smart enough here\n>       raise exception_class(message, screen, stacktrace)\nE       selenium.common.exceptions.NoSuchElementException: Message: no such element: Unable to locate element: {\"method\":\"xpath\",\"selector\":\"//a[contains(text(),\"История заказов\")]\"}\nE         (Session info: chrome=127.0.6533.120); For documentation on this error, please visit: https://www.selenium.dev/documentation/webdriver/troubleshooting/errors#no-such-element-exception\nE       Stacktrace:\nE       \tGetHandleVerifier [0x00007FF69CE09642+30946]\nE       \t(No symbol) [0x00007FF69CDBE3D9]\nE       \t(No symbol) [0x00007FF69CCB6FDA]\nE       \t(No symbol) [0x00007FF69CD0822C]\nE       \t(No symbol) [0x00007FF69CD0850C]\nE       \t(No symbol) [0x00007FF69CD4DCB7]\nE       \t(No symbol) [0x00007FF69CD2CAAF]\nE       \t(No symbol) [0x00007FF69CD4B041]\nE       \t(No symbol) [0x00007FF69CD2C813]\nE       \t(No symbol) [0x00007FF69CCFA6E5]\nE       \t(No symbol) [0x00007FF69CCFB021]\nE       \tGetHandleVerifier [0x00007FF69CF3F84D+1301229]\nE       \tGetHandleVerifier [0x00007FF69CF4BDC7+1351783]\nE       \tGetHandleVerifier [0x00007FF69CF42A13+1313971]\nE       \tGetHandleVerifier [0x00007FF69CE3DD16+245686]\nE       \t(No symbol) [0x00007FF69CDC759F]\nE       \t(No symbol) [0x00007FF69CDC3814]\nE       \t(No symbol) [0x00007FF69CDC39A2]\nE       \t(No symbol) [0x00007FF69CDBA3FF]\nE       \tBaseThreadInitThunk [0x00007FFACD0F257D+29]\nE       \tRtlUserThreadStart [0x00007FFACE12AF28+40]\n\nC:\\Users\\Yulia1\\PycharmProjects\\5\\.venv\\Lib\\site-packages\\selenium\\webdriver\\remote\\errorhandler.py:229: NoSuchElementException"}, "description": "Переход в раздел «История заказов»", "start": 1723999569616, "stop": 1723999574275, "uuid": "8c130791-53a5-42b5-b610-a969cb378c2c", "historyId": "7fdf579231b288b1ddb9374bdfd26be2", "testCaseId": "7fdf579231b288b1ddb9374bdfd26be2", "fullName": "tests.test_profile.TestProfile#test_go_to_order_feed", "labels": [{"name": "parentSuite", "value": "tests"}, {"name": "suite", "value": "test_profile"}, {"name": "subSuite", "value": "TestProfile"}, {"name": "host", "value": "DESKTOP-0A2OPDH"}, {"name": "thread", "value": "9228-MainThread"}, {"name": "framework", "value": "pytest"}, {"name": "language", "value": "cpython3"}, {"name": "package", "value": "tests.test_profile"}]}