{"name": "test_counter_today_increases[Chrome]", "status": "broken", "statusDetails": {"message": "selenium.common.exceptions.NoSuchElementException: Message: no such element: Unable to locate element: {\"method\":\"xpath\",\"selector\":\"//p[contains(@class,\"OrderFeed_number\")][2]\"}\n  (Session info: chrome=127.0.6533.120); For documentation on this error, please visit: https://www.selenium.dev/documentation/webdriver/troubleshooting/errors#no-such-element-exception\nStacktrace:\n\tGetHandleVerifier [0x00007FF7DF8C9642+30946]\n\t(No symbol) [0x00007FF7DF87E3D9]\n\t(No symbol) [0x00007FF7DF776FDA]\n\t(No symbol) [0x00007FF7DF7C822C]\n\t(No symbol) [0x00007FF7DF7C850C]\n\t(No symbol) [0x00007FF7DF80DCB7]\n\t(No symbol) [0x00007FF7DF7ECAAF]\n\t(No symbol) [0x00007FF7DF80B041]\n\t(No symbol) [0x00007FF7DF7EC813]\n\t(No symbol) [0x00007FF7DF7BA6E5]\n\t(No symbol) [0x00007FF7DF7BB021]\n\tGetHandleVerifier [0x00007FF7DF9FF84D+1301229]\n\tGetHandleVerifier [0x00007FF7DFA0BDC7+1351783]\n\tGetHandleVerifier [0x00007FF7DFA02A13+1313971]\n\tGetHandleVerifier [0x00007FF7DF8FDD16+245686]\n\t(No symbol) [0x00007FF7DF88759F]\n\t(No symbol) [0x00007FF7DF883814]\n\t(No symbol) [0x00007FF7DF8839A2]\n\t(No symbol) [0x00007FF7DF87A3FF]\n\tBaseThreadInitThunk [0x00007FFC0BF8257D+29]\n\tRtlUserThreadStart [0x00007FFC0D8AAF28+40]", "trace": "self = <tests.test_order_feed.TestOrderFeed object at 0x000002DF30CC20C0>\ndriver = <selenium.webdriver.chrome.webdriver.WebDriver (session=\"9d838b7dc815941763ee591e015f567e\")>\n\n    @allure.description(\"Увеличение счётчика «Выполнено за всё время» при создании нового заказа\")\n    def test_counter_today_increases(self, driver):\n        main_page = MainPage(driver, Urls.base_url)\n        login_page = LoginPage(driver, Urls.base_url)\n        basic_functionality = BasicFunctionality(driver, Urls.base_url)\n        order_feed = OrderFeedPage(driver, Urls.base_url)\n    \n        main_page.open_base_url()\n        main_page.click_on_profile_button()\n        login_page.set_login_data()\n        login_page.login()\n        order_feed.wait_for_element_to_be_visible(MainPageLocators.PLACE_ORDER_BUTTON)\n        order_feed.go_to_order_feed_page()\n        order_feed.wait_for_element_to_be_visible(OrderFeedLocators.ORDER_FEED_ORDER_ID)\n>       order_id = order_feed.get_orders_number_today()\n\ntests\\test_order_feed.py:94: \n_ _ _ _ _ _ _ _ _ _ _ _ _ _ _ _ _ _ _ _ _ _ _ _ _ _ _ _ _ _ _ _ _ _ _ _ _ _ _ _ _ _ _ _ _ _ _ _ _ _ _ _ _ _ _ _ _ _ _ _ _ _ _ _ _ _ _ _ _ _ _ _ _ _ _ _\npage_objects\\order_feed_page.py:34: in get_orders_number_today\n    self.scroll_to_element(*OrderFeedLocators.ORDER_FEED_ORDER_ID_TODAY)\npage_objects\\base_page.py:42: in scroll_to_element\n    self.driver.execute_script('arguments[0].scrollIntoView();', self.find_element(*locator))\npage_objects\\base_page.py:12: in find_element\n    return self.driver.find_element(*locator)\nC:\\Users\\Yulia1\\PycharmProjects\\5\\.venv\\Lib\\site-packages\\selenium\\webdriver\\remote\\webdriver.py:748: in find_element\n    return self.execute(Command.FIND_ELEMENT, {\"using\": by, \"value\": value})[\"value\"]\nC:\\Users\\Yulia1\\PycharmProjects\\5\\.venv\\Lib\\site-packages\\selenium\\webdriver\\remote\\webdriver.py:354: in execute\n    self.error_handler.check_response(response)\n_ _ _ _ _ _ _ _ _ _ _ _ _ _ _ _ _ _ _ _ _ _ _ _ _ _ _ _ _ _ _ _ _ _ _ _ _ _ _ _ _ _ _ _ _ _ _ _ _ _ _ _ _ _ _ _ _ _ _ _ _ _ _ _ _ _ _ _ _ _ _ _ _ _ _ _\n\nself = <selenium.webdriver.remote.errorhandler.ErrorHandler object at 0x000002DF30D4FFB0>\nresponse = {'status': 404, 'value': '{\"value\":{\"error\":\"no such element\",\"message\":\"no such element: Unable to locate element: {\\...07FF7DF87A3FF]\\\\n\\\\tBaseThreadInitThunk [0x00007FFC0BF8257D+29]\\\\n\\\\tRtlUserThreadStart [0x00007FFC0D8AAF28+40]\\\\n\"}}'}\n\n    def check_response(self, response: Dict[str, Any]) -> None:\n        \"\"\"Checks that a JSON response from the WebDriver does not have an\n        error.\n    \n        :Args:\n         - response - The JSON response from the WebDriver server as a dictionary\n           object.\n    \n        :Raises: If the response contains an error message.\n        \"\"\"\n        status = response.get(\"status\", None)\n        if not status or status == ErrorCode.SUCCESS:\n            return\n        value = None\n        message = response.get(\"message\", \"\")\n        screen: str = response.get(\"screen\", \"\")\n        stacktrace = None\n        if isinstance(status, int):\n            value_json = response.get(\"value\", None)\n            if value_json and isinstance(value_json, str):\n                import json\n    \n                try:\n                    value = json.loads(value_json)\n                    if len(value) == 1:\n                        value = value[\"value\"]\n                    status = value.get(\"error\", None)\n                    if not status:\n                        status = value.get(\"status\", ErrorCode.UNKNOWN_ERROR)\n                        message = value.get(\"value\") or value.get(\"message\")\n                        if not isinstance(message, str):\n                            value = message\n                            message = message.get(\"message\")\n                    else:\n                        message = value.get(\"message\", None)\n                except ValueError:\n                    pass\n    \n        exception_class: Type[WebDriverException]\n        e = ErrorCode()\n        error_codes = [item for item in dir(e) if not item.startswith(\"__\")]\n        for error_code in error_codes:\n            error_info = getattr(ErrorCode, error_code)\n            if isinstance(error_info, list) and status in error_info:\n                exception_class = getattr(ExceptionMapping, error_code, WebDriverException)\n                break\n        else:\n            exception_class = WebDriverException\n    \n        if not value:\n            value = response[\"value\"]\n        if isinstance(value, str):\n            raise exception_class(value)\n        if message == \"\" and \"message\" in value:\n            message = value[\"message\"]\n    \n        screen = None  # type: ignore[assignment]\n        if \"screen\" in value:\n            screen = value[\"screen\"]\n    \n        stacktrace = None\n        st_value = value.get(\"stackTrace\") or value.get(\"stacktrace\")\n        if st_value:\n            if isinstance(st_value, str):\n                stacktrace = st_value.split(\"\\n\")\n            else:\n                stacktrace = []\n                try:\n                    for frame in st_value:\n                        line = frame.get(\"lineNumber\", \"\")\n                        file = frame.get(\"fileName\", \"<anonymous>\")\n                        if line:\n                            file = f\"{file}:{line}\"\n                        meth = frame.get(\"methodName\", \"<anonymous>\")\n                        if \"className\" in frame:\n                            meth = f\"{frame['className']}.{meth}\"\n                        msg = \"    at %s (%s)\"\n                        msg = msg % (meth, file)\n                        stacktrace.append(msg)\n                except TypeError:\n                    pass\n        if exception_class == UnexpectedAlertPresentException:\n            alert_text = None\n            if \"data\" in value:\n                alert_text = value[\"data\"].get(\"text\")\n            elif \"alert\" in value:\n                alert_text = value[\"alert\"].get(\"text\")\n            raise exception_class(message, screen, stacktrace, alert_text)  # type: ignore[call-arg]  # mypy is not smart enough here\n>       raise exception_class(message, screen, stacktrace)\nE       selenium.common.exceptions.NoSuchElementException: Message: no such element: Unable to locate element: {\"method\":\"xpath\",\"selector\":\"//p[contains(@class,\"OrderFeed_number\")][2]\"}\nE         (Session info: chrome=127.0.6533.120); For documentation on this error, please visit: https://www.selenium.dev/documentation/webdriver/troubleshooting/errors#no-such-element-exception\nE       Stacktrace:\nE       \tGetHandleVerifier [0x00007FF7DF8C9642+30946]\nE       \t(No symbol) [0x00007FF7DF87E3D9]\nE       \t(No symbol) [0x00007FF7DF776FDA]\nE       \t(No symbol) [0x00007FF7DF7C822C]\nE       \t(No symbol) [0x00007FF7DF7C850C]\nE       \t(No symbol) [0x00007FF7DF80DCB7]\nE       \t(No symbol) [0x00007FF7DF7ECAAF]\nE       \t(No symbol) [0x00007FF7DF80B041]\nE       \t(No symbol) [0x00007FF7DF7EC813]\nE       \t(No symbol) [0x00007FF7DF7BA6E5]\nE       \t(No symbol) [0x00007FF7DF7BB021]\nE       \tGetHandleVerifier [0x00007FF7DF9FF84D+1301229]\nE       \tGetHandleVerifier [0x00007FF7DFA0BDC7+1351783]\nE       \tGetHandleVerifier [0x00007FF7DFA02A13+1313971]\nE       \tGetHandleVerifier [0x00007FF7DF8FDD16+245686]\nE       \t(No symbol) [0x00007FF7DF88759F]\nE       \t(No symbol) [0x00007FF7DF883814]\nE       \t(No symbol) [0x00007FF7DF8839A2]\nE       \t(No symbol) [0x00007FF7DF87A3FF]\nE       \tBaseThreadInitThunk [0x00007FFC0BF8257D+29]\nE       \tRtlUserThreadStart [0x00007FFC0D8AAF28+40]\n\nC:\\Users\\Yulia1\\PycharmProjects\\5\\.venv\\Lib\\site-packages\\selenium\\webdriver\\remote\\errorhandler.py:229: NoSuchElementException"}, "description": "Увеличение счётчика «Выполнено за всё время» при создании нового заказа", "parameters": [{"name": "driver", "value": "'Chrome'"}], "start": 1724644935852, "stop": 1724644941270, "uuid": "2c03af30-078c-4d47-9d13-34b1efc848f6", "historyId": "07b40957bd411c7ce9f9539b867e7df4", "testCaseId": "f6992a46b82b5ceb92050e72c4a7b664", "fullName": "tests.test_order_feed.TestOrderFeed#test_counter_today_increases", "labels": [{"name": "parentSuite", "value": "tests"}, {"name": "suite", "value": "test_order_feed"}, {"name": "subSuite", "value": "TestOrderFeed"}, {"name": "host", "value": "DESKTOP-0A2OPDH"}, {"name": "thread", "value": "17664-MainThread"}, {"name": "framework", "value": "pytest"}, {"name": "language", "value": "cpython3"}, {"name": "package", "value": "tests.test_order_feed"}]}